{"/Users/gregorybuchenberger/Code/nimas2pdf/web-app/frontend/src/App.tsx": {"path":"/Users/gregorybuchenberger/Code/nimas2pdf/web-app/frontend/src/App.tsx","statementMap":{"0":{"start":{"line":11,"column":46},"end":{"line":11,"column":57}},"1":{"start":{"line":13,"column":32},"end":{"line":16,"column":3}},"2":{"start":{"line":15,"column":4},"end":{"line":15,"column":40}},"3":{"start":{"line":15,"column":30},"end":{"line":15,"column":38}},"4":{"start":{"line":18,"column":2},"end":{"line":124,"column":4}}},"fnMap":{"0":{"name":"App","decl":{"start":{"line":10,"column":9},"end":{"line":10,"column":12}},"loc":{"start":{"line":10,"column":15},"end":{"line":125,"column":1}},"line":10},"1":{"name":"(anonymous_1)","decl":{"start":{"line":13,"column":32},"end":{"line":13,"column":33}},"loc":{"start":{"line":13,"column":55},"end":{"line":16,"column":3}},"line":13},"2":{"name":"(anonymous_2)","decl":{"start":{"line":15,"column":22},"end":{"line":15,"column":23}},"loc":{"start":{"line":15,"column":30},"end":{"line":15,"column":38}},"line":15}},"branchMap":{},"s":{"0":24,"1":24,"2":4,"3":4,"4":24},"f":{"0":24,"1":4,"2":4},"b":{},"_coverageSchema":"1a1c01bbd47fc00a2c39e90264f33305004495a9","hash":"99b975fbe7e1ab4f17e13e3836822fbdda3f9a56"}
,"/Users/gregorybuchenberger/Code/nimas2pdf/web-app/frontend/src/index.tsx": {"path":"/Users/gregorybuchenberger/Code/nimas2pdf/web-app/frontend/src/index.tsx","statementMap":{"0":{"start":{"line":5,"column":13},"end":{"line":7,"column":1}},"1":{"start":{"line":8,"column":0},"end":{"line":12,"column":2}}},"fnMap":{},"branchMap":{},"s":{"0":0,"1":0},"f":{},"b":{}}
,"/Users/gregorybuchenberger/Code/nimas2pdf/web-app/frontend/src/components/ConversionStatus.tsx": {"path":"/Users/gregorybuchenberger/Code/nimas2pdf/web-app/frontend/src/components/ConversionStatus.tsx","statementMap":{"0":{"start":{"line":23,"column":58},"end":{"line":219,"column":1}},"1":{"start":{"line":24,"column":40},"end":{"line":24,"column":70}},"2":{"start":{"line":27,"column":2},"end":{"line":29,"column":9}},"3":{"start":{"line":28,"column":4},"end":{"line":28,"column":22}},"4":{"start":{"line":31,"column":26},"end":{"line":68,"column":3}},"5":{"start":{"line":32,"column":4},"end":{"line":67,"column":5}},"6":{"start":{"line":35,"column":6},"end":{"line":64,"column":9}},"7":{"start":{"line":66,"column":6},"end":{"line":66,"column":58}},"8":{"start":{"line":70,"column":25},"end":{"line":83,"column":3}},"9":{"start":{"line":71,"column":4},"end":{"line":82,"column":5}},"10":{"start":{"line":73,"column":8},"end":{"line":73,"column":53}},"11":{"start":{"line":75,"column":8},"end":{"line":75,"column":54}},"12":{"start":{"line":77,"column":8},"end":{"line":77,"column":49}},"13":{"start":{"line":79,"column":8},"end":{"line":79,"column":53}},"14":{"start":{"line":81,"column":8},"end":{"line":81,"column":54}},"15":{"start":{"line":85,"column":24},"end":{"line":98,"column":3}},"16":{"start":{"line":86,"column":4},"end":{"line":97,"column":5}},"17":{"start":{"line":88,"column":8},"end":{"line":88,"column":51}},"18":{"start":{"line":90,"column":8},"end":{"line":90,"column":49}},"19":{"start":{"line":92,"column":8},"end":{"line":92,"column":46}},"20":{"start":{"line":94,"column":8},"end":{"line":94,"column":41}},"21":{"start":{"line":96,"column":8},"end":{"line":96,"column":51}},"22":{"start":{"line":100,"column":25},"end":{"line":119,"column":3}},"23":{"start":{"line":101,"column":4},"end":{"line":118,"column":5}},"24":{"start":{"line":102,"column":23},"end":{"line":104,"column":8}},"25":{"start":{"line":107,"column":18},"end":{"line":107,"column":71}},"26":{"start":{"line":108,"column":19},"end":{"line":108,"column":46}},"27":{"start":{"line":109,"column":6},"end":{"line":109,"column":22}},"28":{"start":{"line":110,"column":6},"end":{"line":110,"column":46}},"29":{"start":{"line":111,"column":6},"end":{"line":111,"column":38}},"30":{"start":{"line":112,"column":6},"end":{"line":112,"column":19}},"31":{"start":{"line":113,"column":6},"end":{"line":113,"column":20}},"32":{"start":{"line":114,"column":6},"end":{"line":114,"column":38}},"33":{"start":{"line":116,"column":6},"end":{"line":116,"column":47}},"34":{"start":{"line":117,"column":6},"end":{"line":117,"column":50}},"35":{"start":{"line":121,"column":25},"end":{"line":125,"column":3}},"36":{"start":{"line":122,"column":4},"end":{"line":122,"column":33}},"37":{"start":{"line":122,"column":16},"end":{"line":122,"column":33}},"38":{"start":{"line":123,"column":15},"end":{"line":123,"column":34}},"39":{"start":{"line":124,"column":4},"end":{"line":124,"column":33}},"40":{"start":{"line":127,"column":25},"end":{"line":129,"column":3}},"41":{"start":{"line":128,"column":4},"end":{"line":128,"column":47}},"42":{"start":{"line":131,"column":2},"end":{"line":218,"column":4}},"43":{"start":{"line":148,"column":14},"end":{"line":212,"column":31}},"44":{"start":{"line":204,"column":39},"end":{"line":204,"column":99}}},"fnMap":{"0":{"name":"(anonymous_0)","decl":{"start":{"line":23,"column":58},"end":{"line":23,"column":59}},"loc":{"start":{"line":23,"column":64},"end":{"line":219,"column":1}},"line":23},"1":{"name":"(anonymous_1)","decl":{"start":{"line":27,"column":12},"end":{"line":27,"column":13}},"loc":{"start":{"line":27,"column":18},"end":{"line":29,"column":3}},"line":27},"2":{"name":"(anonymous_2)","decl":{"start":{"line":31,"column":26},"end":{"line":31,"column":27}},"loc":{"start":{"line":31,"column":38},"end":{"line":68,"column":3}},"line":31},"3":{"name":"(anonymous_3)","decl":{"start":{"line":70,"column":25},"end":{"line":70,"column":26}},"loc":{"start":{"line":70,"column":45},"end":{"line":83,"column":3}},"line":70},"4":{"name":"(anonymous_4)","decl":{"start":{"line":85,"column":24},"end":{"line":85,"column":25}},"loc":{"start":{"line":85,"column":44},"end":{"line":98,"column":3}},"line":85},"5":{"name":"(anonymous_5)","decl":{"start":{"line":100,"column":25},"end":{"line":100,"column":26}},"loc":{"start":{"line":100,"column":75},"end":{"line":119,"column":3}},"line":100},"6":{"name":"(anonymous_6)","decl":{"start":{"line":121,"column":25},"end":{"line":121,"column":26}},"loc":{"start":{"line":121,"column":45},"end":{"line":125,"column":3}},"line":121},"7":{"name":"(anonymous_7)","decl":{"start":{"line":127,"column":25},"end":{"line":127,"column":26}},"loc":{"start":{"line":127,"column":47},"end":{"line":129,"column":3}},"line":127},"8":{"name":"(anonymous_8)","decl":{"start":{"line":147,"column":29},"end":{"line":147,"column":30}},"loc":{"start":{"line":148,"column":14},"end":{"line":212,"column":31}},"line":148},"9":{"name":"(anonymous_9)","decl":{"start":{"line":204,"column":33},"end":{"line":204,"column":34}},"loc":{"start":{"line":204,"column":39},"end":{"line":204,"column":99}},"line":204}},"branchMap":{"0":{"loc":{"start":{"line":71,"column":4},"end":{"line":82,"column":5}},"type":"switch","locations":[{"start":{"line":72,"column":6},"end":{"line":73,"column":53}},{"start":{"line":74,"column":6},"end":{"line":75,"column":54}},{"start":{"line":76,"column":6},"end":{"line":77,"column":49}},{"start":{"line":78,"column":6},"end":{"line":79,"column":53}},{"start":{"line":80,"column":6},"end":{"line":81,"column":54}}],"line":71},"1":{"loc":{"start":{"line":86,"column":4},"end":{"line":97,"column":5}},"type":"switch","locations":[{"start":{"line":87,"column":6},"end":{"line":88,"column":51}},{"start":{"line":89,"column":6},"end":{"line":90,"column":49}},{"start":{"line":91,"column":6},"end":{"line":92,"column":46}},{"start":{"line":93,"column":6},"end":{"line":94,"column":41}},{"start":{"line":95,"column":6},"end":{"line":96,"column":51}}],"line":86},"2":{"loc":{"start":{"line":122,"column":4},"end":{"line":122,"column":33}},"type":"if","locations":[{"start":{"line":122,"column":4},"end":{"line":122,"column":33}},{"start":{},"end":{}}],"line":122},"3":{"loc":{"start":{"line":140,"column":9},"end":{"line":215,"column":9}},"type":"cond-expr","locations":[{"start":{"line":141,"column":10},"end":{"line":144,"column":14}},{"start":{"line":146,"column":10},"end":{"line":214,"column":22}}],"line":140},"4":{"loc":{"start":{"line":162,"column":17},"end":{"line":168,"column":17}},"type":"binary-expr","locations":[{"start":{"line":162,"column":17},"end":{"line":162,"column":51}},{"start":{"line":163,"column":18},"end":{"line":167,"column":20}}],"line":162},"5":{"loc":{"start":{"line":170,"column":17},"end":{"line":177,"column":17}},"type":"binary-expr","locations":[{"start":{"line":170,"column":17},"end":{"line":170,"column":40}},{"start":{"line":171,"column":18},"end":{"line":176,"column":24}}],"line":170},"6":{"loc":{"start":{"line":190,"column":17},"end":{"line":211,"column":17}},"type":"binary-expr","locations":[{"start":{"line":190,"column":17},"end":{"line":190,"column":50}},{"start":{"line":190,"column":54},"end":{"line":190,"column":79}},{"start":{"line":191,"column":18},"end":{"line":210,"column":24}}],"line":190}},"s":{"0":1,"1":50,"2":50,"3":25,"4":50,"5":25,"6":25,"7":0,"8":50,"9":50,"10":25,"11":25,"12":0,"13":0,"14":0,"15":50,"16":50,"17":25,"18":25,"19":0,"20":0,"21":0,"22":50,"23":1,"24":1,"25":1,"26":0,"27":0,"28":0,"29":0,"30":0,"31":0,"32":0,"33":1,"34":1,"35":50,"36":25,"37":0,"38":25,"39":25,"40":50,"41":100,"42":50,"43":50,"44":1},"f":{"0":50,"1":25,"2":25,"3":50,"4":50,"5":1,"6":25,"7":100,"8":50,"9":1},"b":{"0":[25,25,0,0,0],"1":[25,25,0,0,0],"2":[0,25],"3":[25,25],"4":[50,25],"5":[50,50],"6":[50,25,25]},"_coverageSchema":"1a1c01bbd47fc00a2c39e90264f33305004495a9","hash":"77530ee25c1c27110850fc51aadda8b965240ecf"}
,"/Users/gregorybuchenberger/Code/nimas2pdf/web-app/frontend/src/components/FileUpload.tsx": {"path":"/Users/gregorybuchenberger/Code/nimas2pdf/web-app/frontend/src/components/FileUpload.tsx","statementMap":{"0":{"start":{"line":8,"column":46},"end":{"line":169,"column":1}},"1":{"start":{"line":9,"column":42},"end":{"line":9,"column":69}},"2":{"start":{"line":10,"column":36},"end":{"line":10,"column":51}},"3":{"start":{"line":11,"column":32},"end":{"line":11,"column":108}},"4":{"start":{"line":12,"column":38},"end":{"line":12,"column":50}},"5":{"start":{"line":14,"column":17},"end":{"line":19,"column":8}},"6":{"start":{"line":15,"column":4},"end":{"line":18,"column":5}},"7":{"start":{"line":16,"column":6},"end":{"line":16,"column":40}},"8":{"start":{"line":17,"column":6},"end":{"line":17,"column":84}},"9":{"start":{"line":21,"column":56},"end":{"line":30,"column":4}},"10":{"start":{"line":32,"column":23},"end":{"line":72,"column":3}},"11":{"start":{"line":33,"column":4},"end":{"line":33,"column":30}},"12":{"start":{"line":33,"column":23},"end":{"line":33,"column":30}},"13":{"start":{"line":35,"column":4},"end":{"line":35,"column":23}},"14":{"start":{"line":36,"column":4},"end":{"line":36,"column":21}},"15":{"start":{"line":38,"column":21},"end":{"line":38,"column":35}},"16":{"start":{"line":39,"column":4},"end":{"line":39,"column":42}},"17":{"start":{"line":40,"column":4},"end":{"line":42,"column":5}},"18":{"start":{"line":41,"column":6},"end":{"line":41,"column":55}},"19":{"start":{"line":44,"column":4},"end":{"line":71,"column":5}},"20":{"start":{"line":45,"column":23},"end":{"line":49,"column":8}},"21":{"start":{"line":51,"column":6},"end":{"line":63,"column":7}},"22":{"start":{"line":52,"column":8},"end":{"line":55,"column":11}},"23":{"start":{"line":56,"column":8},"end":{"line":56,"column":30}},"24":{"start":{"line":57,"column":8},"end":{"line":57,"column":26}},"25":{"start":{"line":59,"column":8},"end":{"line":62,"column":11}},"26":{"start":{"line":65,"column":6},"end":{"line":68,"column":9}},"27":{"start":{"line":70,"column":6},"end":{"line":70,"column":26}},"28":{"start":{"line":74,"column":2},"end":{"line":168,"column":4}},"29":{"start":{"line":126,"column":33},"end":{"line":126,"column":62}}},"fnMap":{"0":{"name":"(anonymous_0)","decl":{"start":{"line":8,"column":46},"end":{"line":8,"column":47}},"loc":{"start":{"line":8,"column":52},"end":{"line":169,"column":1}},"line":8},"1":{"name":"(anonymous_1)","decl":{"start":{"line":14,"column":29},"end":{"line":14,"column":30}},"loc":{"start":{"line":14,"column":56},"end":{"line":19,"column":3}},"line":14},"2":{"name":"(anonymous_2)","decl":{"start":{"line":32,"column":23},"end":{"line":32,"column":24}},"loc":{"start":{"line":32,"column":35},"end":{"line":72,"column":3}},"line":32},"3":{"name":"(anonymous_3)","decl":{"start":{"line":126,"column":26},"end":{"line":126,"column":27}},"loc":{"start":{"line":126,"column":33},"end":{"line":126,"column":62}},"line":126}},"branchMap":{"0":{"loc":{"start":{"line":15,"column":4},"end":{"line":18,"column":5}},"type":"if","locations":[{"start":{"line":15,"column":4},"end":{"line":18,"column":5}},{"start":{},"end":{}}],"line":15},"1":{"loc":{"start":{"line":33,"column":4},"end":{"line":33,"column":30}},"type":"if","locations":[{"start":{"line":33,"column":4},"end":{"line":33,"column":30}},{"start":{},"end":{}}],"line":33},"2":{"loc":{"start":{"line":40,"column":4},"end":{"line":42,"column":5}},"type":"if","locations":[{"start":{"line":40,"column":4},"end":{"line":42,"column":5}},{"start":{},"end":{}}],"line":40},"3":{"loc":{"start":{"line":51,"column":6},"end":{"line":63,"column":7}},"type":"if","locations":[{"start":{"line":51,"column":6},"end":{"line":63,"column":7}},{"start":{"line":58,"column":13},"end":{"line":63,"column":7}}],"line":51},"4":{"loc":{"start":{"line":60,"column":16},"end":{"line":60,"column":60}},"type":"binary-expr","locations":[{"start":{"line":60,"column":16},"end":{"line":60,"column":37}},{"start":{"line":60,"column":41},"end":{"line":60,"column":60}}],"line":60},"5":{"loc":{"start":{"line":66,"column":14},"end":{"line":66,"column":62}},"type":"binary-expr","locations":[{"start":{"line":66,"column":14},"end":{"line":66,"column":43}},{"start":{"line":66,"column":47},"end":{"line":66,"column":62}}],"line":66},"6":{"loc":{"start":{"line":85,"column":36},"end":{"line":85,"column":66}},"type":"cond-expr","locations":[{"start":{"line":85,"column":51},"end":{"line":85,"column":61}},{"start":{"line":85,"column":64},"end":{"line":85,"column":66}}],"line":85},"7":{"loc":{"start":{"line":88,"column":11},"end":{"line":106,"column":11}},"type":"cond-expr","locations":[{"start":{"line":89,"column":12},"end":{"line":92,"column":16}},{"start":{"line":94,"column":12},"end":{"line":105,"column":18}}],"line":88},"8":{"loc":{"start":{"line":109,"column":9},"end":{"line":159,"column":9}},"type":"binary-expr","locations":[{"start":{"line":109,"column":9},"end":{"line":109,"column":21}},{"start":{"line":110,"column":10},"end":{"line":158,"column":16}}],"line":109},"9":{"loc":{"start":{"line":139,"column":15},"end":{"line":156,"column":15}},"type":"cond-expr","locations":[{"start":{"line":140,"column":16},"end":{"line":150,"column":19}},{"start":{"line":152,"column":16},"end":{"line":155,"column":19}}],"line":139},"10":{"loc":{"start":{"line":161,"column":9},"end":{"line":165,"column":9}},"type":"binary-expr","locations":[{"start":{"line":161,"column":9},"end":{"line":161,"column":16}},{"start":{"line":162,"column":10},"end":{"line":164,"column":18}}],"line":161}},"s":{"0":0,"1":0,"2":0,"3":0,"4":0,"5":0,"6":0,"7":0,"8":0,"9":0,"10":0,"11":0,"12":0,"13":0,"14":0,"15":0,"16":0,"17":0,"18":0,"19":0,"20":0,"21":0,"22":0,"23":0,"24":0,"25":0,"26":0,"27":0,"28":0,"29":0},"f":{"0":0,"1":0,"2":0,"3":0},"b":{"0":[0,0],"1":[0,0],"2":[0,0],"3":[0,0],"4":[0,0],"5":[0,0],"6":[0,0],"7":[0,0],"8":[0,0],"9":[0,0],"10":[0,0]}}
,"/Users/gregorybuchenberger/Code/nimas2pdf/web-app/frontend/src/components/PackageList.tsx": {"path":"/Users/gregorybuchenberger/Code/nimas2pdf/web-app/frontend/src/components/PackageList.tsx","statementMap":{"0":{"start":{"line":24,"column":48},"end":{"line":287,"column":1}},"1":{"start":{"line":25,"column":34},"end":{"line":25,"column":62}},"2":{"start":{"line":26,"column":32},"end":{"line":26,"column":46}},"3":{"start":{"line":27,"column":38},"end":{"line":27,"column":50}},"4":{"start":{"line":28,"column":42},"end":{"line":28,"column":65}},"5":{"start":{"line":29,"column":28},"end":{"line":29,"column":57}},"6":{"start":{"line":31,"column":2},"end":{"line":33,"column":23}},"7":{"start":{"line":32,"column":4},"end":{"line":32,"column":19}},"8":{"start":{"line":35,"column":23},"end":{"line":47,"column":3}},"9":{"start":{"line":36,"column":4},"end":{"line":36,"column":21}},"10":{"start":{"line":37,"column":4},"end":{"line":37,"column":19}},"11":{"start":{"line":39,"column":4},"end":{"line":46,"column":5}},"12":{"start":{"line":40,"column":23},"end":{"line":40,"column":55}},"13":{"start":{"line":41,"column":6},"end":{"line":41,"column":33}},"14":{"start":{"line":43,"column":6},"end":{"line":43,"column":66}},"15":{"start":{"line":45,"column":6},"end":{"line":45,"column":24}},"16":{"start":{"line":49,"column":25},"end":{"line":62,"column":3}},"17":{"start":{"line":50,"column":4},"end":{"line":61,"column":5}},"18":{"start":{"line":52,"column":8},"end":{"line":52,"column":49}},"19":{"start":{"line":54,"column":8},"end":{"line":54,"column":49}},"20":{"start":{"line":56,"column":8},"end":{"line":56,"column":54}},"21":{"start":{"line":58,"column":8},"end":{"line":58,"column":48}},"22":{"start":{"line":60,"column":8},"end":{"line":60,"column":54}},"23":{"start":{"line":64,"column":25},"end":{"line":66,"column":3}},"24":{"start":{"line":65,"column":4},"end":{"line":65,"column":47}},"25":{"start":{"line":68,"column":27},"end":{"line":77,"column":4}},"26":{"start":{"line":69,"column":26},"end":{"line":72,"column":102}},"27":{"start":{"line":74,"column":26},"end":{"line":74,"column":79}},"28":{"start":{"line":76,"column":4},"end":{"line":76,"column":42}},"29":{"start":{"line":79,"column":30},"end":{"line":99,"column":3}},"30":{"start":{"line":80,"column":4},"end":{"line":98,"column":5}},"31":{"start":{"line":82,"column":8},"end":{"line":82,"column":66}},"32":{"start":{"line":83,"column":8},"end":{"line":83,"column":14}},"33":{"start":{"line":85,"column":8},"end":{"line":87,"column":9}},"34":{"start":{"line":86,"column":10},"end":{"line":86,"column":41}},"35":{"start":{"line":88,"column":8},"end":{"line":88,"column":14}},"36":{"start":{"line":91,"column":8},"end":{"line":91,"column":52}},"37":{"start":{"line":92,"column":8},"end":{"line":92,"column":14}},"38":{"start":{"line":94,"column":8},"end":{"line":96,"column":9}},"39":{"start":{"line":95,"column":10},"end":{"line":95,"column":32}},"40":{"start":{"line":97,"column":8},"end":{"line":97,"column":14}},"41":{"start":{"line":101,"column":24},"end":{"line":109,"column":3}},"42":{"start":{"line":102,"column":4},"end":{"line":108,"column":5}},"43":{"start":{"line":103,"column":6},"end":{"line":103,"column":55}},"44":{"start":{"line":104,"column":6},"end":{"line":104,"column":76}},"45":{"start":{"line":105,"column":6},"end":{"line":105,"column":21}},"46":{"start":{"line":107,"column":6},"end":{"line":107,"column":95}},"47":{"start":{"line":111,"column":32},"end":{"line":111,"column":99}},"48":{"start":{"line":113,"column":2},"end":{"line":124,"column":3}},"49":{"start":{"line":114,"column":4},"end":{"line":123,"column":6}},"50":{"start":{"line":126,"column":2},"end":{"line":286,"column":4}},"51":{"start":{"line":146,"column":33},"end":{"line":146,"column":62}},"52":{"start":{"line":153,"column":31},"end":{"line":153,"column":62}},"53":{"start":{"line":212,"column":18},"end":{"line":274,"column":23}},"54":{"start":{"line":238,"column":41},"end":{"line":238,"column":73}},"55":{"start":{"line":247,"column":41},"end":{"line":247,"column":77}},"56":{"start":{"line":257,"column":43},"end":{"line":257,"column":78}},"57":{"start":{"line":267,"column":41},"end":{"line":267,"column":75}}},"fnMap":{"0":{"name":"(anonymous_0)","decl":{"start":{"line":24,"column":48},"end":{"line":24,"column":49}},"loc":{"start":{"line":24,"column":89},"end":{"line":287,"column":1}},"line":24},"1":{"name":"(anonymous_1)","decl":{"start":{"line":31,"column":12},"end":{"line":31,"column":13}},"loc":{"start":{"line":31,"column":18},"end":{"line":33,"column":3}},"line":31},"2":{"name":"(anonymous_2)","decl":{"start":{"line":35,"column":23},"end":{"line":35,"column":24}},"loc":{"start":{"line":35,"column":35},"end":{"line":47,"column":3}},"line":35},"3":{"name":"(anonymous_3)","decl":{"start":{"line":49,"column":25},"end":{"line":49,"column":26}},"loc":{"start":{"line":49,"column":45},"end":{"line":62,"column":3}},"line":49},"4":{"name":"(anonymous_4)","decl":{"start":{"line":64,"column":25},"end":{"line":64,"column":26}},"loc":{"start":{"line":64,"column":47},"end":{"line":66,"column":3}},"line":64},"5":{"name":"(anonymous_5)","decl":{"start":{"line":68,"column":43},"end":{"line":68,"column":44}},"loc":{"start":{"line":68,"column":50},"end":{"line":77,"column":3}},"line":68},"6":{"name":"(anonymous_6)","decl":{"start":{"line":79,"column":30},"end":{"line":79,"column":31}},"loc":{"start":{"line":79,"column":69},"end":{"line":99,"column":3}},"line":79},"7":{"name":"(anonymous_7)","decl":{"start":{"line":101,"column":24},"end":{"line":101,"column":25}},"loc":{"start":{"line":101,"column":53},"end":{"line":109,"column":3}},"line":101},"8":{"name":"(anonymous_8)","decl":{"start":{"line":146,"column":26},"end":{"line":146,"column":27}},"loc":{"start":{"line":146,"column":33},"end":{"line":146,"column":62}},"line":146},"9":{"name":"(anonymous_9)","decl":{"start":{"line":153,"column":24},"end":{"line":153,"column":25}},"loc":{"start":{"line":153,"column":31},"end":{"line":153,"column":62}},"line":153},"10":{"name":"(anonymous_10)","decl":{"start":{"line":211,"column":38},"end":{"line":211,"column":39}},"loc":{"start":{"line":212,"column":18},"end":{"line":274,"column":23}},"line":212},"11":{"name":"(anonymous_11)","decl":{"start":{"line":238,"column":35},"end":{"line":238,"column":36}},"loc":{"start":{"line":238,"column":41},"end":{"line":238,"column":73}},"line":238},"12":{"name":"(anonymous_12)","decl":{"start":{"line":247,"column":35},"end":{"line":247,"column":36}},"loc":{"start":{"line":247,"column":41},"end":{"line":247,"column":77}},"line":247},"13":{"name":"(anonymous_13)","decl":{"start":{"line":257,"column":37},"end":{"line":257,"column":38}},"loc":{"start":{"line":257,"column":43},"end":{"line":257,"column":78}},"line":257},"14":{"name":"(anonymous_14)","decl":{"start":{"line":267,"column":35},"end":{"line":267,"column":36}},"loc":{"start":{"line":267,"column":41},"end":{"line":267,"column":75}},"line":267}},"branchMap":{"0":{"loc":{"start":{"line":43,"column":15},"end":{"line":43,"column":64}},"type":"binary-expr","locations":[{"start":{"line":43,"column":15},"end":{"line":43,"column":35}},{"start":{"line":43,"column":39},"end":{"line":43,"column":64}}],"line":43},"1":{"loc":{"start":{"line":50,"column":4},"end":{"line":61,"column":5}},"type":"switch","locations":[{"start":{"line":51,"column":6},"end":{"line":52,"column":49}},{"start":{"line":53,"column":6},"end":{"line":54,"column":49}},{"start":{"line":55,"column":6},"end":{"line":56,"column":54}},{"start":{"line":57,"column":6},"end":{"line":58,"column":48}},{"start":{"line":59,"column":6},"end":{"line":60,"column":54}}],"line":50},"2":{"loc":{"start":{"line":69,"column":26},"end":{"line":72,"column":102}},"type":"binary-expr","locations":[{"start":{"line":69,"column":26},"end":{"line":69,"column":84}},{"start":{"line":70,"column":25},"end":{"line":70,"column":87}},{"start":{"line":71,"column":26},"end":{"line":71,"column":37}},{"start":{"line":71,"column":41},"end":{"line":71,"column":101}},{"start":{"line":72,"column":26},"end":{"line":72,"column":37}},{"start":{"line":72,"column":41},"end":{"line":72,"column":101}}],"line":69},"3":{"loc":{"start":{"line":74,"column":26},"end":{"line":74,"column":79}},"type":"binary-expr","locations":[{"start":{"line":74,"column":26},"end":{"line":74,"column":48}},{"start":{"line":74,"column":52},"end":{"line":74,"column":79}}],"line":74},"4":{"loc":{"start":{"line":76,"column":11},"end":{"line":76,"column":41}},"type":"binary-expr","locations":[{"start":{"line":76,"column":11},"end":{"line":76,"column":24}},{"start":{"line":76,"column":28},"end":{"line":76,"column":41}}],"line":76},"5":{"loc":{"start":{"line":80,"column":4},"end":{"line":98,"column":5}},"type":"switch","locations":[{"start":{"line":81,"column":6},"end":{"line":83,"column":14}},{"start":{"line":84,"column":6},"end":{"line":88,"column":14}},{"start":{"line":89,"column":6},"end":{"line":92,"column":14}},{"start":{"line":93,"column":6},"end":{"line":97,"column":14}}],"line":80},"6":{"loc":{"start":{"line":85,"column":8},"end":{"line":87,"column":9}},"type":"if","locations":[{"start":{"line":85,"column":8},"end":{"line":87,"column":9}},{"start":{},"end":{}}],"line":85},"7":{"loc":{"start":{"line":94,"column":8},"end":{"line":96,"column":9}},"type":"if","locations":[{"start":{"line":94,"column":8},"end":{"line":96,"column":9}},{"start":{},"end":{}}],"line":94},"8":{"loc":{"start":{"line":107,"column":25},"end":{"line":107,"column":75}},"type":"binary-expr","locations":[{"start":{"line":107,"column":25},"end":{"line":107,"column":45}},{"start":{"line":107,"column":49},"end":{"line":107,"column":75}}],"line":107},"9":{"loc":{"start":{"line":113,"column":2},"end":{"line":124,"column":3}},"type":"if","locations":[{"start":{"line":113,"column":2},"end":{"line":124,"column":3}},{"start":{},"end":{}}],"line":113},"10":{"loc":{"start":{"line":174,"column":9},"end":{"line":178,"column":9}},"type":"binary-expr","locations":[{"start":{"line":174,"column":9},"end":{"line":174,"column":14}},{"start":{"line":175,"column":10},"end":{"line":177,"column":18}}],"line":174},"11":{"loc":{"start":{"line":180,"column":9},"end":{"line":184,"column":9}},"type":"binary-expr","locations":[{"start":{"line":180,"column":9},"end":{"line":180,"column":16}},{"start":{"line":181,"column":10},"end":{"line":183,"column":18}}],"line":180},"12":{"loc":{"start":{"line":186,"column":9},"end":{"line":279,"column":9}},"type":"cond-expr","locations":[{"start":{"line":187,"column":10},"end":{"line":195,"column":16}},{"start":{"line":197,"column":10},"end":{"line":278,"column":16}}],"line":186},"13":{"loc":{"start":{"line":190,"column":15},"end":{"line":192,"column":59}},"type":"cond-expr","locations":[{"start":{"line":191,"column":18},"end":{"line":191,"column":84}},{"start":{"line":192,"column":18},"end":{"line":192,"column":59}}],"line":190},"14":{"loc":{"start":{"line":218,"column":23},"end":{"line":223,"column":23}},"type":"binary-expr","locations":[{"start":{"line":218,"column":23},"end":{"line":218,"column":33}},{"start":{"line":219,"column":24},"end":{"line":222,"column":27}}],"line":218},"15":{"loc":{"start":{"line":225,"column":25},"end":{"line":225,"column":45}},"type":"binary-expr","locations":[{"start":{"line":225,"column":25},"end":{"line":225,"column":36}},{"start":{"line":225,"column":40},"end":{"line":225,"column":45}}],"line":225},"16":{"loc":{"start":{"line":226,"column":25},"end":{"line":226,"column":45}},"type":"binary-expr","locations":[{"start":{"line":226,"column":25},"end":{"line":226,"column":36}},{"start":{"line":226,"column":40},"end":{"line":226,"column":45}}],"line":226},"17":{"loc":{"start":{"line":253,"column":25},"end":{"line":262,"column":25}},"type":"binary-expr","locations":[{"start":{"line":253,"column":25},"end":{"line":253,"column":47}},{"start":{"line":254,"column":26},"end":{"line":261,"column":35}}],"line":253}},"s":{"0":1,"1":56,"2":56,"3":56,"4":56,"5":56,"6":56,"7":25,"8":56,"9":26,"10":26,"11":26,"12":26,"13":25,"14":1,"15":26,"16":56,"17":71,"18":25,"19":24,"20":22,"21":0,"22":0,"23":56,"24":71,"25":56,"26":85,"27":85,"28":85,"29":56,"30":3,"31":1,"32":1,"33":0,"34":0,"35":0,"36":1,"37":1,"38":1,"39":1,"40":1,"41":56,"42":1,"43":1,"44":0,"45":0,"46":1,"47":56,"48":56,"49":26,"50":30,"51":3,"52":2,"53":71,"54":1,"55":1,"56":0,"57":1},"f":{"0":56,"1":25,"2":26,"3":71,"4":71,"5":85,"6":3,"7":1,"8":3,"9":2,"10":71,"11":1,"12":1,"13":0,"14":1},"b":{"0":[1,1],"1":[25,24,22,0,0],"2":[85,9,9,9,9,9],"3":[85,6],"4":[85,76],"5":[1,0,1,1],"6":[0,0],"7":[1,0],"8":[1,1],"9":[26,30],"10":[30,1],"11":[30,1],"12":[3,27],"13":[2,1],"14":[71,0],"15":[71,1],"16":[71,1],"17":[71,25]},"_coverageSchema":"1a1c01bbd47fc00a2c39e90264f33305004495a9","hash":"060e0a9f0c9a453bcebca36a2b8f9758e53a111c"}
,"/Users/gregorybuchenberger/Code/nimas2pdf/web-app/frontend/src/components/PackageUpload.tsx": {"path":"/Users/gregorybuchenberger/Code/nimas2pdf/web-app/frontend/src/components/PackageUpload.tsx","statementMap":{"0":{"start":{"line":24,"column":52},"end":{"line":262,"column":1}},"1":{"start":{"line":25,"column":42},"end":{"line":25,"column":69}},"2":{"start":{"line":26,"column":36},"end":{"line":26,"column":51}},"3":{"start":{"line":27,"column":32},"end":{"line":27,"column":108}},"4":{"start":{"line":28,"column":48},"end":{"line":28,"column":83}},"5":{"start":{"line":30,"column":17},"end":{"line":41,"column":8}},"6":{"start":{"line":31,"column":4},"end":{"line":40,"column":5}},"7":{"start":{"line":32,"column":19},"end":{"line":32,"column":35}},"8":{"start":{"line":33,"column":6},"end":{"line":39,"column":7}},"9":{"start":{"line":34,"column":8},"end":{"line":34,"column":30}},"10":{"start":{"line":35,"column":8},"end":{"line":35,"column":83}},"11":{"start":{"line":36,"column":8},"end":{"line":36,"column":33}},"12":{"start":{"line":38,"column":8},"end":{"line":38,"column":100}},"13":{"start":{"line":43,"column":56},"end":{"line":50,"column":4}},"14":{"start":{"line":52,"column":23},"end":{"line":91,"column":3}},"15":{"start":{"line":53,"column":4},"end":{"line":53,"column":30}},"16":{"start":{"line":53,"column":23},"end":{"line":53,"column":30}},"17":{"start":{"line":55,"column":4},"end":{"line":55,"column":23}},"18":{"start":{"line":56,"column":4},"end":{"line":56,"column":21}},"19":{"start":{"line":58,"column":21},"end":{"line":58,"column":35}},"20":{"start":{"line":59,"column":4},"end":{"line":59,"column":42}},"21":{"start":{"line":61,"column":4},"end":{"line":90,"column":5}},"22":{"start":{"line":62,"column":23},"end":{"line":66,"column":8}},"23":{"start":{"line":68,"column":26},"end":{"line":68,"column":39}},"24":{"start":{"line":69,"column":6},"end":{"line":69,"column":38}},"25":{"start":{"line":71,"column":6},"end":{"line":74,"column":9}},"26":{"start":{"line":77,"column":6},"end":{"line":79,"column":7}},"27":{"start":{"line":78,"column":8},"end":{"line":78,"column":49}},"28":{"start":{"line":82,"column":6},"end":{"line":82,"column":28}},"29":{"start":{"line":84,"column":6},"end":{"line":87,"column":9}},"30":{"start":{"line":89,"column":6},"end":{"line":89,"column":26}},"31":{"start":{"line":93,"column":25},"end":{"line":106,"column":3}},"32":{"start":{"line":94,"column":4},"end":{"line":105,"column":5}},"33":{"start":{"line":96,"column":8},"end":{"line":96,"column":49}},"34":{"start":{"line":98,"column":8},"end":{"line":98,"column":49}},"35":{"start":{"line":100,"column":8},"end":{"line":100,"column":54}},"36":{"start":{"line":102,"column":8},"end":{"line":102,"column":48}},"37":{"start":{"line":104,"column":8},"end":{"line":104,"column":54}},"38":{"start":{"line":108,"column":25},"end":{"line":110,"column":3}},"39":{"start":{"line":109,"column":4},"end":{"line":109,"column":47}},"40":{"start":{"line":112,"column":2},"end":{"line":261,"column":4}},"41":{"start":{"line":233,"column":31},"end":{"line":233,"column":100}},"42":{"start":{"line":244,"column":18},"end":{"line":244,"column":87}}},"fnMap":{"0":{"name":"(anonymous_0)","decl":{"start":{"line":24,"column":52},"end":{"line":24,"column":53}},"loc":{"start":{"line":24,"column":79},"end":{"line":262,"column":1}},"line":24},"1":{"name":"(anonymous_1)","decl":{"start":{"line":30,"column":29},"end":{"line":30,"column":30}},"loc":{"start":{"line":30,"column":56},"end":{"line":41,"column":3}},"line":30},"2":{"name":"(anonymous_2)","decl":{"start":{"line":52,"column":23},"end":{"line":52,"column":24}},"loc":{"start":{"line":52,"column":35},"end":{"line":91,"column":3}},"line":52},"3":{"name":"(anonymous_3)","decl":{"start":{"line":93,"column":25},"end":{"line":93,"column":26}},"loc":{"start":{"line":93,"column":45},"end":{"line":106,"column":3}},"line":93},"4":{"name":"(anonymous_4)","decl":{"start":{"line":108,"column":25},"end":{"line":108,"column":26}},"loc":{"start":{"line":108,"column":47},"end":{"line":110,"column":3}},"line":108},"5":{"name":"(anonymous_5)","decl":{"start":{"line":233,"column":25},"end":{"line":233,"column":26}},"loc":{"start":{"line":233,"column":31},"end":{"line":233,"column":100}},"line":233},"6":{"name":"(anonymous_6)","decl":{"start":{"line":242,"column":25},"end":{"line":242,"column":26}},"loc":{"start":{"line":242,"column":31},"end":{"line":245,"column":17}},"line":242}},"branchMap":{"0":{"loc":{"start":{"line":31,"column":4},"end":{"line":40,"column":5}},"type":"if","locations":[{"start":{"line":31,"column":4},"end":{"line":40,"column":5}},{"start":{},"end":{}}],"line":31},"1":{"loc":{"start":{"line":33,"column":6},"end":{"line":39,"column":7}},"type":"if","locations":[{"start":{"line":33,"column":6},"end":{"line":39,"column":7}},{"start":{"line":37,"column":13},"end":{"line":39,"column":7}}],"line":33},"2":{"loc":{"start":{"line":53,"column":4},"end":{"line":53,"column":30}},"type":"if","locations":[{"start":{"line":53,"column":4},"end":{"line":53,"column":30}},{"start":{},"end":{}}],"line":53},"3":{"loc":{"start":{"line":77,"column":6},"end":{"line":79,"column":7}},"type":"if","locations":[{"start":{"line":77,"column":6},"end":{"line":79,"column":7}},{"start":{},"end":{}}],"line":77},"4":{"loc":{"start":{"line":85,"column":14},"end":{"line":85,"column":61}},"type":"binary-expr","locations":[{"start":{"line":85,"column":14},"end":{"line":85,"column":34}},{"start":{"line":85,"column":38},"end":{"line":85,"column":61}}],"line":85},"5":{"loc":{"start":{"line":94,"column":4},"end":{"line":105,"column":5}},"type":"switch","locations":[{"start":{"line":95,"column":6},"end":{"line":96,"column":49}},{"start":{"line":97,"column":6},"end":{"line":98,"column":49}},{"start":{"line":99,"column":6},"end":{"line":100,"column":54}},{"start":{"line":101,"column":6},"end":{"line":102,"column":48}},{"start":{"line":103,"column":6},"end":{"line":104,"column":54}}],"line":94},"6":{"loc":{"start":{"line":123,"column":36},"end":{"line":123,"column":66}},"type":"cond-expr","locations":[{"start":{"line":123,"column":51},"end":{"line":123,"column":61}},{"start":{"line":123,"column":64},"end":{"line":123,"column":66}}],"line":123},"7":{"loc":{"start":{"line":126,"column":11},"end":{"line":144,"column":11}},"type":"cond-expr","locations":[{"start":{"line":127,"column":12},"end":{"line":130,"column":16}},{"start":{"line":132,"column":12},"end":{"line":143,"column":18}}],"line":126},"8":{"loc":{"start":{"line":147,"column":9},"end":{"line":184,"column":9}},"type":"binary-expr","locations":[{"start":{"line":147,"column":9},"end":{"line":147,"column":21}},{"start":{"line":148,"column":10},"end":{"line":183,"column":16}}],"line":147},"9":{"loc":{"start":{"line":164,"column":15},"end":{"line":181,"column":15}},"type":"cond-expr","locations":[{"start":{"line":165,"column":16},"end":{"line":175,"column":19}},{"start":{"line":177,"column":16},"end":{"line":180,"column":19}}],"line":164},"10":{"loc":{"start":{"line":186,"column":9},"end":{"line":252,"column":9}},"type":"binary-expr","locations":[{"start":{"line":186,"column":9},"end":{"line":186,"column":24}},{"start":{"line":187,"column":10},"end":{"line":251,"column":16}}],"line":186},"11":{"loc":{"start":{"line":201,"column":17},"end":{"line":205,"column":17}},"type":"binary-expr","locations":[{"start":{"line":201,"column":17},"end":{"line":201,"column":40}},{"start":{"line":202,"column":18},"end":{"line":204,"column":22}}],"line":201},"12":{"loc":{"start":{"line":206,"column":17},"end":{"line":210,"column":17}},"type":"binary-expr","locations":[{"start":{"line":206,"column":17},"end":{"line":206,"column":40}},{"start":{"line":207,"column":18},"end":{"line":209,"column":22}}],"line":206},"13":{"loc":{"start":{"line":217,"column":44},"end":{"line":217,"column":75}},"type":"binary-expr","locations":[{"start":{"line":217,"column":44},"end":{"line":217,"column":66}},{"start":{"line":217,"column":70},"end":{"line":217,"column":75}}],"line":217},"14":{"loc":{"start":{"line":220,"column":46},"end":{"line":220,"column":79}},"type":"binary-expr","locations":[{"start":{"line":220,"column":46},"end":{"line":220,"column":70}},{"start":{"line":220,"column":74},"end":{"line":220,"column":79}}],"line":220},"15":{"loc":{"start":{"line":254,"column":9},"end":{"line":258,"column":9}},"type":"binary-expr","locations":[{"start":{"line":254,"column":9},"end":{"line":254,"column":16}},{"start":{"line":255,"column":10},"end":{"line":257,"column":18}}],"line":254}},"s":{"0":1,"1":20,"2":20,"3":20,"4":20,"5":20,"6":0,"7":0,"8":0,"9":0,"10":0,"11":0,"12":0,"13":20,"14":20,"15":0,"16":0,"17":0,"18":0,"19":0,"20":0,"21":0,"22":0,"23":0,"24":0,"25":0,"26":0,"27":0,"28":0,"29":0,"30":0,"31":20,"32":0,"33":0,"34":0,"35":0,"36":0,"37":0,"38":20,"39":0,"40":20,"41":0,"42":0},"f":{"0":20,"1":0,"2":0,"3":0,"4":0,"5":0,"6":0},"b":{"0":[0,0],"1":[0,0],"2":[0,0],"3":[0,0],"4":[0,0],"5":[0,0,0,0,0],"6":[0,20],"7":[0,20],"8":[20,0],"9":[0,0],"10":[20,0],"11":[0,0],"12":[0,0],"13":[0,0],"14":[0,0],"15":[20,0]},"_coverageSchema":"1a1c01bbd47fc00a2c39e90264f33305004495a9","hash":"38d09b0f889c6af2c09f1efde0986548c6fbc06f"}
,"/Users/gregorybuchenberger/Code/nimas2pdf/web-app/frontend/src/components/PropertiesPanel.tsx": {"path":"/Users/gregorybuchenberger/Code/nimas2pdf/web-app/frontend/src/components/PropertiesPanel.tsx","statementMap":{"0":{"start":{"line":20,"column":56},"end":{"line":274,"column":1}},"1":{"start":{"line":21,"column":38},"end":{"line":32,"column":4}},"2":{"start":{"line":34,"column":32},"end":{"line":34,"column":47}},"3":{"start":{"line":35,"column":30},"end":{"line":35,"column":45}},"4":{"start":{"line":36,"column":32},"end":{"line":36,"column":99}},"5":{"start":{"line":38,"column":2},"end":{"line":40,"column":9}},"6":{"start":{"line":39,"column":4},"end":{"line":39,"column":21}},"7":{"start":{"line":42,"column":25},"end":{"line":55,"column":3}},"8":{"start":{"line":43,"column":4},"end":{"line":43,"column":21}},"9":{"start":{"line":44,"column":4},"end":{"line":54,"column":5}},"10":{"start":{"line":45,"column":23},"end":{"line":45,"column":57}},"11":{"start":{"line":46,"column":6},"end":{"line":48,"column":7}},"12":{"start":{"line":47,"column":8},"end":{"line":47,"column":37}},"13":{"start":{"line":50,"column":6},"end":{"line":50,"column":57}},"14":{"start":{"line":53,"column":6},"end":{"line":53,"column":24}},"15":{"start":{"line":57,"column":21},"end":{"line":75,"column":3}},"16":{"start":{"line":58,"column":4},"end":{"line":58,"column":20}},"17":{"start":{"line":59,"column":4},"end":{"line":59,"column":21}},"18":{"start":{"line":61,"column":4},"end":{"line":74,"column":5}},"19":{"start":{"line":62,"column":6},"end":{"line":62,"column":54}},"20":{"start":{"line":63,"column":6},"end":{"line":66,"column":9}},"21":{"start":{"line":68,"column":6},"end":{"line":71,"column":9}},"22":{"start":{"line":73,"column":6},"end":{"line":73,"column":23}},"23":{"start":{"line":77,"column":22},"end":{"line":91,"column":3}},"24":{"start":{"line":78,"column":4},"end":{"line":89,"column":7}},"25":{"start":{"line":90,"column":4},"end":{"line":90,"column":21}},"26":{"start":{"line":93,"column":28},"end":{"line":98,"column":3}},"27":{"start":{"line":94,"column":4},"end":{"line":97,"column":8}},"28":{"start":{"line":94,"column":27},"end":{"line":97,"column":5}},"29":{"start":{"line":100,"column":2},"end":{"line":111,"column":3}},"30":{"start":{"line":101,"column":4},"end":{"line":110,"column":6}},"31":{"start":{"line":113,"column":2},"end":{"line":273,"column":4}},"32":{"start":{"line":130,"column":31},"end":{"line":130,"column":86}},"33":{"start":{"line":144,"column":31},"end":{"line":144,"column":91}},"34":{"start":{"line":155,"column":31},"end":{"line":155,"column":92}},"35":{"start":{"line":163,"column":31},"end":{"line":163,"column":76}},"36":{"start":{"line":180,"column":35},"end":{"line":180,"column":91}},"37":{"start":{"line":188,"column":35},"end":{"line":188,"column":94}},"38":{"start":{"line":198,"column":35},"end":{"line":198,"column":92}},"39":{"start":{"line":206,"column":35},"end":{"line":206,"column":93}},"40":{"start":{"line":217,"column":31},"end":{"line":217,"column":82}},"41":{"start":{"line":226,"column":31},"end":{"line":226,"column":79}}},"fnMap":{"0":{"name":"(anonymous_0)","decl":{"start":{"line":20,"column":56},"end":{"line":20,"column":57}},"loc":{"start":{"line":20,"column":62},"end":{"line":274,"column":1}},"line":20},"1":{"name":"(anonymous_1)","decl":{"start":{"line":38,"column":12},"end":{"line":38,"column":13}},"loc":{"start":{"line":38,"column":18},"end":{"line":40,"column":3}},"line":38},"2":{"name":"(anonymous_2)","decl":{"start":{"line":42,"column":25},"end":{"line":42,"column":26}},"loc":{"start":{"line":42,"column":37},"end":{"line":55,"column":3}},"line":42},"3":{"name":"(anonymous_3)","decl":{"start":{"line":57,"column":21},"end":{"line":57,"column":22}},"loc":{"start":{"line":57,"column":33},"end":{"line":75,"column":3}},"line":57},"4":{"name":"(anonymous_4)","decl":{"start":{"line":77,"column":22},"end":{"line":77,"column":23}},"loc":{"start":{"line":77,"column":28},"end":{"line":91,"column":3}},"line":77},"5":{"name":"(anonymous_5)","decl":{"start":{"line":93,"column":28},"end":{"line":93,"column":29}},"loc":{"start":{"line":93,"column":79},"end":{"line":98,"column":3}},"line":93},"6":{"name":"(anonymous_6)","decl":{"start":{"line":94,"column":18},"end":{"line":94,"column":19}},"loc":{"start":{"line":94,"column":27},"end":{"line":97,"column":5}},"line":94},"7":{"name":"(anonymous_7)","decl":{"start":{"line":130,"column":24},"end":{"line":130,"column":25}},"loc":{"start":{"line":130,"column":31},"end":{"line":130,"column":86}},"line":130},"8":{"name":"(anonymous_8)","decl":{"start":{"line":144,"column":24},"end":{"line":144,"column":25}},"loc":{"start":{"line":144,"column":31},"end":{"line":144,"column":91}},"line":144},"9":{"name":"(anonymous_9)","decl":{"start":{"line":155,"column":24},"end":{"line":155,"column":25}},"loc":{"start":{"line":155,"column":31},"end":{"line":155,"column":92}},"line":155},"10":{"name":"(anonymous_10)","decl":{"start":{"line":163,"column":24},"end":{"line":163,"column":25}},"loc":{"start":{"line":163,"column":31},"end":{"line":163,"column":76}},"line":163},"11":{"name":"(anonymous_11)","decl":{"start":{"line":180,"column":28},"end":{"line":180,"column":29}},"loc":{"start":{"line":180,"column":35},"end":{"line":180,"column":91}},"line":180},"12":{"name":"(anonymous_12)","decl":{"start":{"line":188,"column":28},"end":{"line":188,"column":29}},"loc":{"start":{"line":188,"column":35},"end":{"line":188,"column":94}},"line":188},"13":{"name":"(anonymous_13)","decl":{"start":{"line":198,"column":28},"end":{"line":198,"column":29}},"loc":{"start":{"line":198,"column":35},"end":{"line":198,"column":92}},"line":198},"14":{"name":"(anonymous_14)","decl":{"start":{"line":206,"column":28},"end":{"line":206,"column":29}},"loc":{"start":{"line":206,"column":35},"end":{"line":206,"column":93}},"line":206},"15":{"name":"(anonymous_15)","decl":{"start":{"line":217,"column":24},"end":{"line":217,"column":25}},"loc":{"start":{"line":217,"column":31},"end":{"line":217,"column":82}},"line":217},"16":{"name":"(anonymous_16)","decl":{"start":{"line":226,"column":24},"end":{"line":226,"column":25}},"loc":{"start":{"line":226,"column":31},"end":{"line":226,"column":79}},"line":226}},"branchMap":{"0":{"loc":{"start":{"line":46,"column":6},"end":{"line":48,"column":7}},"type":"if","locations":[{"start":{"line":46,"column":6},"end":{"line":48,"column":7}},{"start":{},"end":{}}],"line":46},"1":{"loc":{"start":{"line":69,"column":14},"end":{"line":69,"column":74}},"type":"binary-expr","locations":[{"start":{"line":69,"column":14},"end":{"line":69,"column":43}},{"start":{"line":69,"column":47},"end":{"line":69,"column":74}}],"line":69},"2":{"loc":{"start":{"line":100,"column":2},"end":{"line":111,"column":3}},"type":"if","locations":[{"start":{"line":100,"column":2},"end":{"line":111,"column":3}},{"start":{},"end":{}}],"line":100},"3":{"loc":{"start":{"line":236,"column":15},"end":{"line":253,"column":15}},"type":"cond-expr","locations":[{"start":{"line":237,"column":16},"end":{"line":247,"column":19}},{"start":{"line":249,"column":16},"end":{"line":252,"column":19}}],"line":236},"4":{"loc":{"start":{"line":266,"column":9},"end":{"line":270,"column":9}},"type":"binary-expr","locations":[{"start":{"line":266,"column":9},"end":{"line":266,"column":16}},{"start":{"line":267,"column":10},"end":{"line":269,"column":18}}],"line":266}},"s":{"0":0,"1":0,"2":0,"3":0,"4":0,"5":0,"6":0,"7":0,"8":0,"9":0,"10":0,"11":0,"12":0,"13":0,"14":0,"15":0,"16":0,"17":0,"18":0,"19":0,"20":0,"21":0,"22":0,"23":0,"24":0,"25":0,"26":0,"27":0,"28":0,"29":0,"30":0,"31":0,"32":0,"33":0,"34":0,"35":0,"36":0,"37":0,"38":0,"39":0,"40":0,"41":0},"f":{"0":0,"1":0,"2":0,"3":0,"4":0,"5":0,"6":0,"7":0,"8":0,"9":0,"10":0,"11":0,"12":0,"13":0,"14":0,"15":0,"16":0},"b":{"0":[0,0],"1":[0,0],"2":[0,0],"3":[0,0],"4":[0,0]}}
}
