TN:
SF:src/App.tsx
FN:10,App
FN:13,(anonymous_1)
FN:15,(anonymous_2)
FNF:3
FNH:3
FNDA:24,App
FNDA:4,(anonymous_1)
FNDA:4,(anonymous_2)
DA:11,24
DA:13,24
DA:15,4
DA:18,24
LF:4
LH:4
BRF:0
BRH:0
end_of_record
TN:
SF:src/index.tsx
FNF:0
FNH:0
DA:5,0
DA:8,0
LF:2
LH:0
BRF:0
BRH:0
end_of_record
TN:
SF:src/components/ConversionStatus.tsx
FN:23,(anonymous_0)
FN:27,(anonymous_1)
FN:31,(anonymous_2)
FN:70,(anonymous_3)
FN:85,(anonymous_4)
FN:100,(anonymous_5)
FN:121,(anonymous_6)
FN:127,(anonymous_7)
FN:147,(anonymous_8)
FN:204,(anonymous_9)
FNF:10
FNH:10
FNDA:50,(anonymous_0)
FNDA:25,(anonymous_1)
FNDA:25,(anonymous_2)
FNDA:50,(anonymous_3)
FNDA:50,(anonymous_4)
FNDA:1,(anonymous_5)
FNDA:25,(anonymous_6)
FNDA:100,(anonymous_7)
FNDA:50,(anonymous_8)
FNDA:1,(anonymous_9)
DA:23,1
DA:24,50
DA:27,50
DA:28,25
DA:31,50
DA:32,25
DA:35,25
DA:66,0
DA:70,50
DA:71,50
DA:73,25
DA:75,25
DA:77,0
DA:79,0
DA:81,0
DA:85,50
DA:86,50
DA:88,25
DA:90,25
DA:92,0
DA:94,0
DA:96,0
DA:100,50
DA:101,1
DA:102,1
DA:107,1
DA:108,0
DA:109,0
DA:110,0
DA:111,0
DA:112,0
DA:113,0
DA:114,0
DA:116,1
DA:117,1
DA:121,50
DA:122,25
DA:123,25
DA:124,25
DA:127,50
DA:128,100
DA:131,50
DA:148,50
DA:204,1
LF:44
LH:30
BRDA:71,0,0,25
BRDA:71,0,1,25
BRDA:71,0,2,0
BRDA:71,0,3,0
BRDA:71,0,4,0
BRDA:86,1,0,25
BRDA:86,1,1,25
BRDA:86,1,2,0
BRDA:86,1,3,0
BRDA:86,1,4,0
BRDA:122,2,0,0
BRDA:122,2,1,25
BRDA:140,3,0,25
BRDA:140,3,1,25
BRDA:162,4,0,50
BRDA:162,4,1,25
BRDA:170,5,0,50
BRDA:170,5,1,50
BRDA:190,6,0,50
BRDA:190,6,1,25
BRDA:190,6,2,25
BRF:21
BRH:14
end_of_record
TN:
SF:src/components/FileUpload.tsx
FN:8,(anonymous_0)
FN:14,(anonymous_1)
FN:32,(anonymous_2)
FN:126,(anonymous_3)
FNF:4
FNH:0
FNDA:0,(anonymous_0)
FNDA:0,(anonymous_1)
FNDA:0,(anonymous_2)
FNDA:0,(anonymous_3)
DA:8,0
DA:9,0
DA:10,0
DA:11,0
DA:12,0
DA:14,0
DA:15,0
DA:16,0
DA:17,0
DA:21,0
DA:32,0
DA:33,0
DA:35,0
DA:36,0
DA:38,0
DA:39,0
DA:40,0
DA:41,0
DA:44,0
DA:45,0
DA:51,0
DA:52,0
DA:56,0
DA:57,0
DA:59,0
DA:65,0
DA:70,0
DA:74,0
DA:126,0
LF:29
LH:0
BRDA:15,0,0,0
BRDA:15,0,1,0
BRDA:33,1,0,0
BRDA:33,1,1,0
BRDA:40,2,0,0
BRDA:40,2,1,0
BRDA:51,3,0,0
BRDA:51,3,1,0
BRDA:60,4,0,0
BRDA:60,4,1,0
BRDA:66,5,0,0
BRDA:66,5,1,0
BRDA:85,6,0,0
BRDA:85,6,1,0
BRDA:88,7,0,0
BRDA:88,7,1,0
BRDA:109,8,0,0
BRDA:109,8,1,0
BRDA:139,9,0,0
BRDA:139,9,1,0
BRDA:161,10,0,0
BRDA:161,10,1,0
BRF:22
BRH:0
end_of_record
TN:
SF:src/components/PackageList.tsx
FN:24,(anonymous_0)
FN:31,(anonymous_1)
FN:35,(anonymous_2)
FN:49,(anonymous_3)
FN:64,(anonymous_4)
FN:68,(anonymous_5)
FN:79,(anonymous_6)
FN:101,(anonymous_7)
FN:146,(anonymous_8)
FN:153,(anonymous_9)
FN:211,(anonymous_10)
FN:238,(anonymous_11)
FN:247,(anonymous_12)
FN:257,(anonymous_13)
FN:267,(anonymous_14)
FNF:15
FNH:14
FNDA:56,(anonymous_0)
FNDA:25,(anonymous_1)
FNDA:26,(anonymous_2)
FNDA:71,(anonymous_3)
FNDA:71,(anonymous_4)
FNDA:85,(anonymous_5)
FNDA:3,(anonymous_6)
FNDA:1,(anonymous_7)
FNDA:3,(anonymous_8)
FNDA:2,(anonymous_9)
FNDA:71,(anonymous_10)
FNDA:1,(anonymous_11)
FNDA:1,(anonymous_12)
FNDA:0,(anonymous_13)
FNDA:1,(anonymous_14)
DA:24,1
DA:25,56
DA:26,56
DA:27,56
DA:28,56
DA:29,56
DA:31,56
DA:32,25
DA:35,56
DA:36,26
DA:37,26
DA:39,26
DA:40,26
DA:41,25
DA:43,1
DA:45,26
DA:49,56
DA:50,71
DA:52,25
DA:54,24
DA:56,22
DA:58,0
DA:60,0
DA:64,56
DA:65,71
DA:68,56
DA:69,85
DA:74,85
DA:76,85
DA:79,56
DA:80,3
DA:82,1
DA:83,1
DA:85,0
DA:86,0
DA:88,0
DA:91,1
DA:92,1
DA:94,1
DA:95,1
DA:97,1
DA:101,56
DA:102,1
DA:103,1
DA:104,0
DA:105,0
DA:107,1
DA:111,56
DA:113,56
DA:114,26
DA:126,30
DA:146,3
DA:153,2
DA:212,71
DA:238,1
DA:247,1
DA:257,0
DA:267,1
LF:58
LH:50
BRDA:43,0,0,1
BRDA:43,0,1,1
BRDA:50,1,0,25
BRDA:50,1,1,24
BRDA:50,1,2,22
BRDA:50,1,3,0
BRDA:50,1,4,0
BRDA:69,2,0,85
BRDA:69,2,1,9
BRDA:69,2,2,9
BRDA:69,2,3,9
BRDA:69,2,4,9
BRDA:69,2,5,9
BRDA:74,3,0,85
BRDA:74,3,1,6
BRDA:76,4,0,85
BRDA:76,4,1,76
BRDA:80,5,0,1
BRDA:80,5,1,0
BRDA:80,5,2,1
BRDA:80,5,3,1
BRDA:85,6,0,0
BRDA:85,6,1,0
BRDA:94,7,0,1
BRDA:94,7,1,0
BRDA:107,8,0,1
BRDA:107,8,1,1
BRDA:113,9,0,26
BRDA:113,9,1,30
BRDA:174,10,0,30
BRDA:174,10,1,1
BRDA:180,11,0,30
BRDA:180,11,1,1
BRDA:186,12,0,3
BRDA:186,12,1,27
BRDA:190,13,0,2
BRDA:190,13,1,1
BRDA:218,14,0,71
BRDA:218,14,1,0
BRDA:225,15,0,71
BRDA:225,15,1,1
BRDA:226,16,0,71
BRDA:226,16,1,1
BRDA:253,17,0,71
BRDA:253,17,1,25
BRF:45
BRH:38
end_of_record
TN:
SF:src/components/PackageUpload.tsx
FN:24,(anonymous_0)
FN:30,(anonymous_1)
FN:52,(anonymous_2)
FN:93,(anonymous_3)
FN:108,(anonymous_4)
FN:233,(anonymous_5)
FN:242,(anonymous_6)
FNF:7
FNH:1
FNDA:20,(anonymous_0)
FNDA:0,(anonymous_1)
FNDA:0,(anonymous_2)
FNDA:0,(anonymous_3)
FNDA:0,(anonymous_4)
FNDA:0,(anonymous_5)
FNDA:0,(anonymous_6)
DA:24,1
DA:25,20
DA:26,20
DA:27,20
DA:28,20
DA:30,20
DA:31,0
DA:32,0
DA:33,0
DA:34,0
DA:35,0
DA:36,0
DA:38,0
DA:43,20
DA:52,20
DA:53,0
DA:55,0
DA:56,0
DA:58,0
DA:59,0
DA:61,0
DA:62,0
DA:68,0
DA:69,0
DA:71,0
DA:77,0
DA:78,0
DA:82,0
DA:84,0
DA:89,0
DA:93,20
DA:94,0
DA:96,0
DA:98,0
DA:100,0
DA:102,0
DA:104,0
DA:108,20
DA:109,0
DA:112,20
DA:233,0
DA:244,0
LF:42
LH:11
BRDA:31,0,0,0
BRDA:31,0,1,0
BRDA:33,1,0,0
BRDA:33,1,1,0
BRDA:53,2,0,0
BRDA:53,2,1,0
BRDA:77,3,0,0
BRDA:77,3,1,0
BRDA:85,4,0,0
BRDA:85,4,1,0
BRDA:94,5,0,0
BRDA:94,5,1,0
BRDA:94,5,2,0
BRDA:94,5,3,0
BRDA:94,5,4,0
BRDA:123,6,0,0
BRDA:123,6,1,20
BRDA:126,7,0,0
BRDA:126,7,1,20
BRDA:147,8,0,20
BRDA:147,8,1,0
BRDA:164,9,0,0
BRDA:164,9,1,0
BRDA:186,10,0,20
BRDA:186,10,1,0
BRDA:201,11,0,0
BRDA:201,11,1,0
BRDA:206,12,0,0
BRDA:206,12,1,0
BRDA:217,13,0,0
BRDA:217,13,1,0
BRDA:220,14,0,0
BRDA:220,14,1,0
BRDA:254,15,0,20
BRDA:254,15,1,0
BRF:35
BRH:5
end_of_record
TN:
SF:src/components/PropertiesPanel.tsx
FN:20,(anonymous_0)
FN:38,(anonymous_1)
FN:42,(anonymous_2)
FN:57,(anonymous_3)
FN:77,(anonymous_4)
FN:93,(anonymous_5)
FN:94,(anonymous_6)
FN:130,(anonymous_7)
FN:144,(anonymous_8)
FN:155,(anonymous_9)
FN:163,(anonymous_10)
FN:180,(anonymous_11)
FN:188,(anonymous_12)
FN:198,(anonymous_13)
FN:206,(anonymous_14)
FN:217,(anonymous_15)
FN:226,(anonymous_16)
FNF:17
FNH:0
FNDA:0,(anonymous_0)
FNDA:0,(anonymous_1)
FNDA:0,(anonymous_2)
FNDA:0,(anonymous_3)
FNDA:0,(anonymous_4)
FNDA:0,(anonymous_5)
FNDA:0,(anonymous_6)
FNDA:0,(anonymous_7)
FNDA:0,(anonymous_8)
FNDA:0,(anonymous_9)
FNDA:0,(anonymous_10)
FNDA:0,(anonymous_11)
FNDA:0,(anonymous_12)
FNDA:0,(anonymous_13)
FNDA:0,(anonymous_14)
FNDA:0,(anonymous_15)
FNDA:0,(anonymous_16)
DA:20,0
DA:21,0
DA:34,0
DA:35,0
DA:36,0
DA:38,0
DA:39,0
DA:42,0
DA:43,0
DA:44,0
DA:45,0
DA:46,0
DA:47,0
DA:50,0
DA:53,0
DA:57,0
DA:58,0
DA:59,0
DA:61,0
DA:62,0
DA:63,0
DA:68,0
DA:73,0
DA:77,0
DA:78,0
DA:90,0
DA:93,0
DA:94,0
DA:100,0
DA:101,0
DA:113,0
DA:130,0
DA:144,0
DA:155,0
DA:163,0
DA:180,0
DA:188,0
DA:198,0
DA:206,0
DA:217,0
DA:226,0
LF:41
LH:0
BRDA:46,0,0,0
BRDA:46,0,1,0
BRDA:69,1,0,0
BRDA:69,1,1,0
BRDA:100,2,0,0
BRDA:100,2,1,0
BRDA:236,3,0,0
BRDA:236,3,1,0
BRDA:266,4,0,0
BRDA:266,4,1,0
BRF:10
BRH:0
end_of_record
